# JRE version: Java(TM) SE Runtime Environment 18.9 (11.0.8+10) (build 11.0.8+10-LTS)
# Java VM: Java HotSpot(TM) 64-Bit Server VM 18.9 (11.0.8+10-LTS, mixed mode, tiered, compressed oops, parallel gc, windows-amd64)
Heap:
 PSYoungGen      total 6144K, used 6143K [0x00000000eab00000, 0x00000000eb400000, 0x0000000100000000)
  eden space 5632K, 99% used [0x00000000eab00000,0x00000000eb07ffe8,0x00000000eb080000)
  from space 512K, 100% used [0x00000000eb300000,0x00000000eb380000,0x00000000eb380000)
  to   space 512K, 100% used [0x00000000eb380000,0x00000000eb400000,0x00000000eb400000)
 ParOldGen       total 192000K, used 187499K [0x00000000c0000000, 0x00000000cbb80000, 0x00000000eab00000)
  object space 192000K, 97% used [0x00000000c0000000,0x00000000cb71add8,0x00000000cbb80000)
 Metaspace       used 88094K, capacity 91979K, committed 92288K, reserved 1132544K
  class space    used 8062K, capacity 9423K, committed 9600K, reserved 1048576K
GC Heap History (10 events):
Event: 2079.377 GC heap after
{Heap after GC invocations=3311 (full 85):
 PSYoungGen      total 6144K, used 128K [0x00000000eab00000, 0x00000000eb500000, 0x0000000100000000)
  eden space 5632K, 0% used [0x00000000eab00000,0x00000000eab00000,0x00000000eb080000)
  from space 512K, 25% used [0x00000000eb080000,0x00000000eb0a0000,0x00000000eb100000)
  to   space 1536K, 0% used [0x00000000eb380000,0x00000000eb380000,0x00000000eb500000)
 ParOldGen       total 192000K, used 186170K [0x00000000c0000000, 0x00000000cbb80000, 0x00000000eab00000)
  object space 192000K, 96% used [0x00000000c0000000,0x00000000cb5ce9b8,0x00000000cbb80000)
 Metaspace       used 88090K, capacity 91979K, committed 92288K, reserved 1132544K
  class space    used 8062K, capacity 9423K, committed 9600K, reserved 1048576K
}
Event: 2079.874 GC heap before
{Heap before GC invocations=3312 (full 85):
 PSYoungGen      total 6144K, used 5760K [0x00000000eab00000, 0x00000000eb500000, 0x0000000100000000)
  eden space 5632K, 100% used [0x00000000eab00000,0x00000000eb080000,0x00000000eb080000)
  from space 512K, 25% used [0x00000000eb080000,0x00000000eb0a0000,0x00000000eb100000)
  to   space 1536K, 0% used [0x00000000eb380000,0x00000000eb380000,0x00000000eb500000)
 ParOldGen       total 192000K, used 186170K [0x00000000c0000000, 0x00000000cbb80000, 0x00000000eab00000)
  object space 192000K, 96% used [0x00000000c0000000,0x00000000cb5ce9b8,0x00000000cbb80000)
 Metaspace       used 88090K, capacity 91979K, committed 92288K, reserved 1132544K
  class space    used 8062K, capacity 9423K, committed 9600K, reserved 1048576K
}
Event: 2079.876 GC heap after
{Heap after GC invocations=3312 (full 85):
 PSYoungGen      total 6656K, used 522K [0x00000000eab00000, 0x00000000eb480000, 0x0000000100000000)
  eden space 5632K, 0% used [0x00000000eab00000,0x00000000eab00000,0x00000000eb080000)
  from space 1024K, 51% used [0x00000000eb380000,0x00000000eb402910,0x00000000eb480000)
  to   space 1024K, 0% used [0x00000000eb280000,0x00000000eb280000,0x00000000eb380000)
 ParOldGen       total 192000K, used 186250K [0x00000000c0000000, 0x00000000cbb80000, 0x00000000eab00000)
  object space 192000K, 97% used [0x00000000c0000000,0x00000000cb5e29b8,0x00000000cbb80000)
 Metaspace       used 88090K, capacity 91979K, committed 92288K, reserved 1132544K
  class space    used 8062K, capacity 9423K, committed 9600K, reserved 1048576K
}
Event: 2080.193 GC heap before
{Heap before GC invocations=3313 (full 85):
 PSYoungGen      total 6656K, used 6154K [0x00000000eab00000, 0x00000000eb480000, 0x0000000100000000)
  eden space 5632K, 100% used [0x00000000eab00000,0x00000000eb080000,0x00000000eb080000)
  from space 1024K, 51% used [0x00000000eb380000,0x00000000eb402910,0x00000000eb480000)
  to   space 1024K, 0% used [0x00000000eb280000,0x00000000eb280000,0x00000000eb380000)
 ParOldGen       total 192000K, used 186250K [0x00000000c0000000, 0x00000000cbb80000, 0x00000000eab00000)
  object space 192000K, 97% used [0x00000000c0000000,0x00000000cb5e29b8,0x00000000cbb80000)
 Metaspace       used 88090K, capacity 91979K, committed 92288K, reserved 1132544K
  class space    used 8062K, capacity 9423K, committed 9600K, reserved 1048576K
}
Event: 2080.195 GC heap after
{Heap after GC invocations=3313 (full 85):
 PSYoungGen      total 6656K, used 346K [0x00000000eab00000, 0x00000000eb400000, 0x0000000100000000)
  eden space 5632K, 0% used [0x00000000eab00000,0x00000000eab00000,0x00000000eb080000)
  from space 1024K, 33% used [0x00000000eb280000,0x00000000eb2d6900,0x00000000eb380000)
  to   space 512K, 0% used [0x00000000eb380000,0x00000000eb380000,0x00000000eb400000)
 ParOldGen       total 192000K, used 186274K [0x00000000c0000000, 0x00000000cbb80000, 0x00000000eab00000)
  object space 192000K, 97% used [0x00000000c0000000,0x00000000cb5e89b8,0x00000000cbb80000)
 Metaspace       used 88090K, capacity 91979K, committed 92288K, reserved 1132544K
  class space    used 8062K, capacity 9423K, committed 9600K, reserved 1048576K
}
Event: 2080.511 GC heap before
{Heap before GC invocations=3314 (full 85):
 PSYoungGen      total 6656K, used 5978K [0x00000000eab00000, 0x00000000eb400000, 0x0000000100000000)
  eden space 5632K, 100% used [0x00000000eab00000,0x00000000eb080000,0x00000000eb080000)
  from space 1024K, 33% used [0x00000000eb280000,0x00000000eb2d6900,0x00000000eb380000)
  to   space 512K, 0% used [0x00000000eb380000,0x00000000eb380000,0x00000000eb400000)
 ParOldGen       total 192000K, used 186274K [0x00000000c0000000, 0x00000000cbb80000, 0x00000000eab00000)
  object space 192000K, 97% used [0x00000000c0000000,0x00000000cb5e89b8,0x00000000cbb80000)
 Metaspace       used 88093K, capacity 91979K, committed 92288K, reserved 1132544K
  class space    used 8062K, capacity 9423K, committed 9600K, reserved 1048576K
}
Event: 2080.512 GC heap after
{Heap after GC invocations=3314 (full 85):
 PSYoungGen      total 6144K, used 384K [0x00000000eab00000, 0x00000000eb400000, 0x0000000100000000)
  eden space 5632K, 0% used [0x00000000eab00000,0x00000000eab00000,0x00000000eb080000)
  from space 512K, 75% used [0x00000000eb380000,0x00000000eb3e0000,0x00000000eb400000)
  to   space 512K, 0% used [0x00000000eb300000,0x00000000eb300000,0x00000000eb380000)
 ParOldGen       total 192000K, used 186542K [0x00000000c0000000, 0x00000000cbb80000, 0x00000000eab00000)
  object space 192000K, 97% used [0x00000000c0000000,0x00000000cb62bbd8,0x00000000cbb80000)
 Metaspace       used 88093K, capacity 91979K, committed 92288K, reserved 1132544K
  class space    used 8062K, capacity 9423K, committed 9600K, reserved 1048576K
}
Event: 2080.662 GC heap before
{Heap before GC invocations=3315 (full 85):
 PSYoungGen      total 6144K, used 6016K [0x00000000eab00000, 0x00000000eb400000, 0x0000000100000000)
  eden space 5632K, 100% used [0x00000000eab00000,0x00000000eb080000,0x00000000eb080000)
  from space 512K, 75% used [0x00000000eb380000,0x00000000eb3e0000,0x00000000eb400000)
  to   space 512K, 0% used [0x00000000eb300000,0x00000000eb300000,0x00000000eb380000)
 ParOldGen       total 192000K, used 186542K [0x00000000c0000000, 0x00000000cbb80000, 0x00000000eab00000)
  object space 192000K, 97% used [0x00000000c0000000,0x00000000cb62bbd8,0x00000000cbb80000)
 Metaspace       used 88094K, capacity 91979K, committed 92288K, reserved 1132544K
  class space    used 8062K, capacity 9423K, committed 9600K, reserved 1048576K
}
Event: 2080.663 GC heap after
{Heap after GC invocations=3315 (full 85):
 PSYoungGen      total 6144K, used 512K [0x00000000eab00000, 0x00000000eb400000, 0x0000000100000000)
  eden space 5632K, 0% used [0x00000000eab00000,0x00000000eab00000,0x00000000eb080000)
  from space 512K, 100% used [0x00000000eb300000,0x00000000eb380000,0x00000000eb380000)
  to   space 512K, 0% used [0x00000000eb380000,0x00000000eb380000,0x00000000eb400000)
 ParOldGen       total 192000K, used 186907K [0x00000000c0000000, 0x00000000cbb80000, 0x00000000eab00000)
  object space 192000K, 97% used [0x00000000c0000000,0x00000000cb686dd8,0x00000000cbb80000)
 Metaspace       used 88094K, capacity 91979K, committed 92288K, reserved 1132544K
  class space    used 8062K, capacity 9423K, committed 9600K, reserved 1048576K
}
Event: 2080.680 GC heap before
{Heap before GC invocations=3316 (full 85):
 PSYoungGen      total 6144K, used 6143K [0x00000000eab00000, 0x00000000eb400000, 0x0000000100000000)
  eden space 5632K, 99% used [0x00000000eab00000,0x00000000eb07ffe8,0x00000000eb080000)
  from space 512K, 100% used [0x00000000eb300000,0x00000000eb380000,0x00000000eb380000)
  to   space 512K, 0% used [0x00000000eb380000,0x00000000eb380000,0x00000000eb400000)
 ParOldGen       total 192000K, used 186907K [0x00000000c0000000, 0x00000000cbb80000, 0x00000000eab00000)
  object space 192000K, 97% used [0x00000000c0000000,0x00000000cb686dd8,0x00000000cbb80000)
 Metaspace       used 88094K, capacity 91979K, committed 92288K, reserved 1132544K
  class space    used 8062K, capacity 9423K, committed 9600K, reserved 1048576K
}

